<?xml version="1.0" encoding="UTF-8"?>
<!-- Generated by org.testng.reporters.JUnitXMLReporter -->
<testsuite hostname="Avinashs-MacBook-Pro.local" ignored="0" name="Test" tests="3" failures="3" timestamp="2022-06-05T15:33:48 IST" time="59.399" errors="0">
  <testcase name="verifySearchResultsForShoes" time="13.09" classname="com.narcissus.HomePageTests">
    <failure type="java.lang.AssertionError" message="Title doesn&amp;apos;t contains shoes or sneaker: Men Black Solid Formal Debys expected [true] but found [false]">
      <![CDATA[java.lang.AssertionError: Title doesn't contains shoes or sneaker: Men Black Solid Formal Debys expected [true] but found [false]
at com.narcissus.HomePageTests.verifySearchResultsForShoes(HomePageTests.java:56)
at java.util.ArrayList.forEach(ArrayList.java:1257)
... Removed 34 stack frames]]>
    </failure>
  </testcase> <!-- verifySearchResultsForShoes -->
  <testcase name="verifyTitleOfHomePage" time="0.016" classname="com.narcissus.HomePageTests">
    <failure type="java.lang.AssertionError" message="expected:&amp;lt;Online Shopping for Women, Men, Kids Fashion &amp;amp; Lifestyle - Myntra&amp;gt; but was:&amp;lt;Testing Shastra | Training | Placement&amp;gt;">
      <![CDATA[java.lang.AssertionError: expected:<Online Shopping for Women, Men, Kids Fashion & Lifestyle - Myntra> but was:<Testing Shastra | Training | Placement>
at com.narcissus.HomePageTests.verifyTitleOfHomePage(HomePageTests.java:43)
at java.util.ArrayList.forEach(ArrayList.java:1257)
... Removed 33 stack frames]]>
    </failure>
  </testcase> <!-- verifyTitleOfHomePage -->
  <testcase name="verifyTitleOfTheHomePage" time="0.031" classname="com.narcissus.HomePageTests">
    <failure type="java.lang.AssertionError" message="expected:&amp;lt;Online Shopping for Women, Men, Kids Fashion &amp;amp; Lifestyle - Myntra&amp;gt; but was:&amp;lt;Testing Shastra | Training | Placement&amp;gt;">
      <![CDATA[java.lang.AssertionError: expected:<Online Shopping for Women, Men, Kids Fashion & Lifestyle - Myntra> but was:<Testing Shastra | Training | Placement>
at com.narcissus.HomePageTests.verifyTitleOfTheHomePage(HomePageTests.java:35)
at java.util.ArrayList.forEach(ArrayList.java:1257)
... Removed 33 stack frames]]>
    </failure>
  </testcase> <!-- verifyTitleOfTheHomePage -->
</testsuite> <!-- Test -->
