<?xml version="1.0" encoding="UTF-8"?>
<testng-results skipped="0" failed="0" ignored="0" total="1" passed="1">
  <reporter-output>
  </reporter-output>
  <suite name="Default suite" duration-ms="21907" started-at="2022-06-05T16:35:18 IST" finished-at="2022-06-05T16:35:40 IST">
    <groups>
    </groups>
    <test name="Default test" duration-ms="21907" started-at="2022-06-05T16:35:18 IST" finished-at="2022-06-05T16:35:40 IST">
      <class name="com.narcissus.SignUpPageTests">
        <test-method status="PASS" signature="setUp()[pri:0, instance:com.narcissus.SignUpPageTests@2db7a79b]" name="setUp" is-config="true" duration-ms="18024" started-at="2022-06-05T16:35:18 IST" finished-at="2022-06-05T16:35:36 IST">
          <reporter-output>
          </reporter-output>
        </test-method> <!-- setUp -->
        <test-method status="PASS" signature="verifyPhoneNumberInPlaceOgFullName()[pri:0, instance:com.narcissus.SignUpPageTests@2db7a79b]" name="verifyPhoneNumberInPlaceOgFullName" duration-ms="3572" started-at="2022-06-05T16:35:36 IST" finished-at="2022-06-05T16:35:39 IST">
          <reporter-output>
          </reporter-output>
        </test-method> <!-- verifyPhoneNumberInPlaceOgFullName -->
        <test-method status="PASS" signature="tearDown()[pri:0, instance:com.narcissus.SignUpPageTests@2db7a79b]" name="tearDown" is-config="true" duration-ms="243" started-at="2022-06-05T16:35:39 IST" finished-at="2022-06-05T16:35:40 IST">
          <reporter-output>
          </reporter-output>
        </test-method> <!-- tearDown -->
      </class> <!-- com.narcissus.SignUpPageTests -->
    </test> <!-- Default test -->
  </suite> <!-- Default suite -->
</testng-results>
